<?xml version="1.0" encoding="UTF-8"?>
<!-- Generated by org.testng.reporters.JUnitReportReporter -->
<testsuite hostname="DESKTOP-HBT0C0P" failures="0" tests="1" name="restApi.ToPostResourceNew" time="2.609" errors="0" timestamp="2024-10-16T20:45:07 IST" skipped="0">
  <testcase classname="restApi.ToPostResourceNew" name="ToPostResourceNew" time="2.609"/>
  <system-out/>
</testsuite> <!-- restApi.ToPostResourceNew -->
